GROUP,PACKAGE,CLASS,INSTRUCTION_MISSED,INSTRUCTION_COVERED,BRANCH_MISSED,BRANCH_COVERED,LINE_MISSED,LINE_COVERED,COMPLEXITY_MISSED,COMPLEXITY_COVERED,METHOD_MISSED,METHOD_COVERED
prova,br.insper.prova.cursos,CursoController,0,58,0,4,0,13,0,6,0,4
prova,br.insper.prova.cursos,AppConfig,7,0,0,0,2,0,2,0,2,0
prova,br.insper.prova.cursos,CursoService,0,80,1,7,0,18,1,8,0,5
prova,br.insper.prova.cursos,Curso,12,40,0,0,4,11,4,11,4,11
prova,br.insper.prova.cursos,UsuarioResponse,0,24,0,0,0,7,0,7,0,7
prova,br.insper.prova,ProvaApplication,8,0,0,0,3,0,2,0,2,0
